[2025-08-21T00:38:03.723Z] [pdf-renderer] Puppeteer PDF generation failed, falling back to Playwright
{
  "error": {}
}

[2025-08-21T00:38:06.641Z] [pdf-renderer] Puppeteer PDF generation failed, falling back to Playwright
{
  "error": {}
}

[2025-08-21T00:38:07.493Z] [pdf-renderer] Puppeteer PDF generation failed, falling back to Playwright
{
  "error": {}
}

[2025-08-21T16:27:49.377Z] [pdf-error-handler] PDF generation attempt 1/3 failed
{
  "component": "browser-launch",
  "error": "Browser was not found at the configured executablePath (C:\\Program Files\\Google\\Chrome\\Application\\chrome.exe)",
  "attempt": 1,
  "maxRetries": 3
}

[2025-08-21T16:27:50.326Z] [pdf-error-handler] PDF generation attempt 2/3 failed
{
  "component": "browser-launch",
  "error": "Browser was not found at the configured executablePath (C:\\Program Files\\Google\\Chrome\\Application\\chrome.exe)",
  "attempt": 2,
  "maxRetries": 3
}

[2025-08-21T16:27:51.896Z] [pdf-error-handler] PDF generation attempt 3/3 failed
{
  "component": "browser-launch",
  "error": "Browser was not found at the configured executablePath (C:\\Program Files\\Google\\Chrome\\Application\\chrome.exe)",
  "attempt": 3,
  "maxRetries": 3
}

[2025-08-21T16:27:53.216Z] [pdf-error-handler] PDF generation attempt 1/3 failed
{
  "component": "browser-launch",
  "error": "Browser was not found at the configured executablePath (C:\\Program Files\\Google\\Chrome\\Application\\chrome.exe)",
  "attempt": 1,
  "maxRetries": 3
}

[2025-08-21T16:27:54.271Z] [pdf-error-handler] PDF generation attempt 2/3 failed
{
  "component": "browser-launch",
  "error": "Browser was not found at the configured executablePath (C:\\Program Files\\Google\\Chrome\\Application\\chrome.exe)",
  "attempt": 2,
  "maxRetries": 3
}

[2025-08-21T16:27:56.491Z] [pdf-error-handler] PDF generation attempt 3/3 failed
{
  "component": "browser-launch",
  "error": "Browser was not found at the configured executablePath (C:\\Program Files\\Google\\Chrome\\Application\\chrome.exe)",
  "attempt": 3,
  "maxRetries": 3
}

[2025-08-21T16:27:58.730Z] [pdf-error-handler] PDF generation attempt 1/3 failed
{
  "component": "browser-launch",
  "error": "Browser was not found at the configured executablePath (C:\\Program Files\\Google\\Chrome\\Application\\chrome.exe)",
  "attempt": 1,
  "maxRetries": 3
}

[2025-08-21T16:27:59.885Z] [pdf-error-handler] PDF generation attempt 2/3 failed
{
  "component": "browser-launch",
  "error": "Browser was not found at the configured executablePath (C:\\Program Files\\Google\\Chrome\\Application\\chrome.exe)",
  "attempt": 2,
  "maxRetries": 3
}

[2025-08-21T16:28:01.721Z] [pdf-error-handler] PDF generation attempt 3/3 failed
{
  "component": "browser-launch",
  "error": "Browser was not found at the configured executablePath (C:\\Program Files\\Google\\Chrome\\Application\\chrome.exe)",
  "attempt": 3,
  "maxRetries": 3
}

[2025-08-21T16:28:06.128Z] [pdf-error-handler] PDF generation attempt 1/3 failed
{
  "component": "browser-launch",
  "error": "Browser was not found at the configured executablePath (C:\\Program Files\\Google\\Chrome\\Application\\chrome.exe)",
  "attempt": 1,
  "maxRetries": 3
}

[2025-08-21T16:28:06.967Z] [pdf-error-handler] PDF generation attempt 2/3 failed
{
  "component": "browser-launch",
  "error": "Browser was not found at the configured executablePath (C:\\Program Files\\Google\\Chrome\\Application\\chrome.exe)",
  "attempt": 2,
  "maxRetries": 3
}

[2025-08-21T16:28:08.650Z] [pdf-error-handler] PDF generation attempt 3/3 failed
{
  "component": "browser-launch",
  "error": "Browser was not found at the configured executablePath (C:\\Program Files\\Google\\Chrome\\Application\\chrome.exe)",
  "attempt": 3,
  "maxRetries": 3
}

[2025-08-21T16:28:10.867Z] [pdf-error-handler] PDF generation attempt 1/3 failed
{
  "component": "browser-launch",
  "error": "Browser was not found at the configured executablePath (C:\\Program Files\\Google\\Chrome\\Application\\chrome.exe)",
  "attempt": 1,
  "maxRetries": 3
}

[2025-08-21T16:28:12.032Z] [pdf-error-handler] PDF generation attempt 2/3 failed
{
  "component": "browser-launch",
  "error": "Browser was not found at the configured executablePath (C:\\Program Files\\Google\\Chrome\\Application\\chrome.exe)",
  "attempt": 2,
  "maxRetries": 3
}

[2025-08-21T16:28:13.802Z] [pdf-error-handler] PDF generation attempt 3/3 failed
{
  "component": "browser-launch",
  "error": "Browser was not found at the configured executablePath (C:\\Program Files\\Google\\Chrome\\Application\\chrome.exe)",
  "attempt": 3,
  "maxRetries": 3
}

[2025-08-21T16:28:15.178Z] [pdf-error-handler] PDF generation attempt 1/3 failed
{
  "component": "browser-launch",
  "error": "Browser was not found at the configured executablePath (C:\\Program Files\\Google\\Chrome\\Application\\chrome.exe)",
  "attempt": 1,
  "maxRetries": 3
}

[2025-08-21T16:28:16.227Z] [pdf-error-handler] PDF generation attempt 2/3 failed
{
  "component": "browser-launch",
  "error": "Browser was not found at the configured executablePath (C:\\Program Files\\Google\\Chrome\\Application\\chrome.exe)",
  "attempt": 2,
  "maxRetries": 3
}

[2025-08-21T16:28:18.050Z] [pdf-error-handler] PDF generation attempt 3/3 failed
{
  "component": "browser-launch",
  "error": "Browser was not found at the configured executablePath (C:\\Program Files\\Google\\Chrome\\Application\\chrome.exe)",
  "attempt": 3,
  "maxRetries": 3
}

[2025-08-21T16:28:20.393Z] [pdf-error-handler] PDF generation attempt 1/3 failed
{
  "component": "browser-launch",
  "error": "Browser was not found at the configured executablePath (C:\\Program Files\\Google\\Chrome\\Application\\chrome.exe)",
  "attempt": 1,
  "maxRetries": 3
}

[2025-08-21T16:28:21.304Z] [pdf-error-handler] PDF generation attempt 2/3 failed
{
  "component": "browser-launch",
  "error": "Browser was not found at the configured executablePath (C:\\Program Files\\Google\\Chrome\\Application\\chrome.exe)",
  "attempt": 2,
  "maxRetries": 3
}

[2025-08-21T16:28:23.416Z] [pdf-error-handler] PDF generation attempt 3/3 failed
{
  "component": "browser-launch",
  "error": "Browser was not found at the configured executablePath (C:\\Program Files\\Google\\Chrome\\Application\\chrome.exe)",
  "attempt": 3,
  "maxRetries": 3
}

[2025-08-21T16:28:27.743Z] [pdf-error-handler] PDF generation attempt 1/3 failed
{
  "component": "browser-launch",
  "error": "Browser was not found at the configured executablePath (C:\\Program Files\\Google\\Chrome\\Application\\chrome.exe)",
  "attempt": 1,
  "maxRetries": 3
}

[2025-08-21T16:28:28.626Z] [pdf-error-handler] PDF generation attempt 2/3 failed
{
  "component": "browser-launch",
  "error": "Browser was not found at the configured executablePath (C:\\Program Files\\Google\\Chrome\\Application\\chrome.exe)",
  "attempt": 2,
  "maxRetries": 3
}

[2025-08-21T16:28:30.557Z] [pdf-error-handler] PDF generation attempt 3/3 failed
{
  "component": "browser-launch",
  "error": "Browser was not found at the configured executablePath (C:\\Program Files\\Google\\Chrome\\Application\\chrome.exe)",
  "attempt": 3,
  "maxRetries": 3
}

[2025-08-21T16:28:32.485Z] [pdf-error-handler] PDF generation attempt 1/3 failed
{
  "component": "browser-launch",
  "error": "Browser was not found at the configured executablePath (C:\\Program Files\\Google\\Chrome\\Application\\chrome.exe)",
  "attempt": 1,
  "maxRetries": 3
}

[2025-08-21T16:28:33.707Z] [pdf-error-handler] PDF generation attempt 2/3 failed
{
  "component": "browser-launch",
  "error": "Browser was not found at the configured executablePath (C:\\Program Files\\Google\\Chrome\\Application\\chrome.exe)",
  "attempt": 2,
  "maxRetries": 3
}

[2025-08-21T16:28:35.502Z] [pdf-error-handler] PDF generation attempt 3/3 failed
{
  "component": "browser-launch",
  "error": "Browser was not found at the configured executablePath (C:\\Program Files\\Google\\Chrome\\Application\\chrome.exe)",
  "attempt": 3,
  "maxRetries": 3
}

[2025-08-21T16:28:36.731Z] [pdf-error-handler] PDF generation attempt 1/3 failed
{
  "component": "browser-launch",
  "error": "Browser was not found at the configured executablePath (C:\\Program Files\\Google\\Chrome\\Application\\chrome.exe)",
  "attempt": 1,
  "maxRetries": 3
}

[2025-08-21T16:28:37.604Z] [pdf-error-handler] PDF generation attempt 2/3 failed
{
  "component": "browser-launch",
  "error": "Browser was not found at the configured executablePath (C:\\Program Files\\Google\\Chrome\\Application\\chrome.exe)",
  "attempt": 2,
  "maxRetries": 3
}

[2025-08-21T16:28:39.289Z] [pdf-error-handler] PDF generation attempt 3/3 failed
{
  "component": "browser-launch",
  "error": "Browser was not found at the configured executablePath (C:\\Program Files\\Google\\Chrome\\Application\\chrome.exe)",
  "attempt": 3,
  "maxRetries": 3
}

[2025-08-21T16:28:41.777Z] [pdf-error-handler] PDF generation attempt 1/3 failed
{
  "component": "browser-launch",
  "error": "Browser was not found at the configured executablePath (C:\\Program Files\\Google\\Chrome\\Application\\chrome.exe)",
  "attempt": 1,
  "maxRetries": 3
}

[2025-08-21T16:28:42.644Z] [pdf-error-handler] PDF generation attempt 2/3 failed
{
  "component": "browser-launch",
  "error": "Browser was not found at the configured executablePath (C:\\Program Files\\Google\\Chrome\\Application\\chrome.exe)",
  "attempt": 2,
  "maxRetries": 3
}

[2025-08-21T16:28:44.757Z] [pdf-error-handler] PDF generation attempt 3/3 failed
{
  "component": "browser-launch",
  "error": "Browser was not found at the configured executablePath (C:\\Program Files\\Google\\Chrome\\Application\\chrome.exe)",
  "attempt": 3,
  "maxRetries": 3
}

[2025-08-21T16:28:48.988Z] [pdf-error-handler] PDF generation attempt 1/3 failed
{
  "component": "browser-launch",
  "error": "Browser was not found at the configured executablePath (C:\\Program Files\\Google\\Chrome\\Application\\chrome.exe)",
  "attempt": 1,
  "maxRetries": 3
}

[2025-08-21T16:28:49.943Z] [pdf-error-handler] PDF generation attempt 2/3 failed
{
  "component": "browser-launch",
  "error": "Browser was not found at the configured executablePath (C:\\Program Files\\Google\\Chrome\\Application\\chrome.exe)",
  "attempt": 2,
  "maxRetries": 3
}

[2025-08-21T16:28:51.823Z] [pdf-error-handler] PDF generation attempt 3/3 failed
{
  "component": "browser-launch",
  "error": "Browser was not found at the configured executablePath (C:\\Program Files\\Google\\Chrome\\Application\\chrome.exe)",
  "attempt": 3,
  "maxRetries": 3
}

[2025-08-21T16:51:44.241Z] [pdf-error-handler] PDF generation attempt 1/3 failed
{
  "component": "browser-launch",
  "error": "Could not find expected browser (chrome) locally. Run `npm install` to download the correct Chromium revision (901912).",
  "attempt": 1,
  "maxRetries": 3
}

[2025-08-21T16:51:45.344Z] [pdf-error-handler] PDF generation attempt 2/3 failed
{
  "component": "browser-launch",
  "error": "Could not find expected browser (chrome) locally. Run `npm install` to download the correct Chromium revision (901912).",
  "attempt": 2,
  "maxRetries": 3
}

[2025-08-21T16:51:47.610Z] [pdf-error-handler] PDF generation attempt 3/3 failed
{
  "component": "browser-launch",
  "error": "Could not find expected browser (chrome) locally. Run `npm install` to download the correct Chromium revision (901912).",
  "attempt": 3,
  "maxRetries": 3
}

[2025-08-21T16:51:48.831Z] [pdf-error-handler] PDF generation attempt 1/3 failed
{
  "component": "browser-launch",
  "error": "Could not find expected browser (chrome) locally. Run `npm install` to download the correct Chromium revision (901912).",
  "attempt": 1,
  "maxRetries": 3
}

[2025-08-21T16:51:49.909Z] [pdf-error-handler] PDF generation attempt 2/3 failed
{
  "component": "browser-launch",
  "error": "Could not find expected browser (chrome) locally. Run `npm install` to download the correct Chromium revision (901912).",
  "attempt": 2,
  "maxRetries": 3
}

[2025-08-21T16:51:51.432Z] [pdf-error-handler] PDF generation attempt 3/3 failed
{
  "component": "browser-launch",
  "error": "Could not find expected browser (chrome) locally. Run `npm install` to download the correct Chromium revision (901912).",
  "attempt": 3,
  "maxRetries": 3
}

[2025-08-21T16:51:53.611Z] [pdf-error-handler] PDF generation attempt 1/3 failed
{
  "component": "browser-launch",
  "error": "Could not find expected browser (chrome) locally. Run `npm install` to download the correct Chromium revision (901912).",
  "attempt": 1,
  "maxRetries": 3
}

[2025-08-21T16:51:54.842Z] [pdf-error-handler] PDF generation attempt 2/3 failed
{
  "component": "browser-launch",
  "error": "Could not find expected browser (chrome) locally. Run `npm install` to download the correct Chromium revision (901912).",
  "attempt": 2,
  "maxRetries": 3
}

[2025-08-21T16:51:56.914Z] [pdf-error-handler] PDF generation attempt 3/3 failed
{
  "component": "browser-launch",
  "error": "Could not find expected browser (chrome) locally. Run `npm install` to download the correct Chromium revision (901912).",
  "attempt": 3,
  "maxRetries": 3
}

[2025-08-21T16:53:40.949Z] [pdf-error-handler] PDF generation attempt 1/3 failed
{
  "component": "browser-launch",
  "error": "Could not find expected browser (chrome) locally. Run `npm install` to download the correct Chromium revision (901912).",
  "attempt": 1,
  "maxRetries": 3
}

[2025-08-21T16:53:42.094Z] [pdf-error-handler] PDF generation attempt 2/3 failed
{
  "component": "browser-launch",
  "error": "Could not find expected browser (chrome) locally. Run `npm install` to download the correct Chromium revision (901912).",
  "attempt": 2,
  "maxRetries": 3
}

[2025-08-21T16:53:44.186Z] [pdf-error-handler] PDF generation attempt 3/3 failed
{
  "component": "browser-launch",
  "error": "Could not find expected browser (chrome) locally. Run `npm install` to download the correct Chromium revision (901912).",
  "attempt": 3,
  "maxRetries": 3
}

[2025-08-21T16:53:45.417Z] [pdf-error-handler] PDF generation attempt 1/3 failed
{
  "component": "browser-launch",
  "error": "Could not find expected browser (chrome) locally. Run `npm install` to download the correct Chromium revision (901912).",
  "attempt": 1,
  "maxRetries": 3
}

[2025-08-21T16:53:46.285Z] [pdf-error-handler] PDF generation attempt 2/3 failed
{
  "component": "browser-launch",
  "error": "Could not find expected browser (chrome) locally. Run `npm install` to download the correct Chromium revision (901912).",
  "attempt": 2,
  "maxRetries": 3
}

[2025-08-21T16:53:48.019Z] [pdf-error-handler] PDF generation attempt 3/3 failed
{
  "component": "browser-launch",
  "error": "Could not find expected browser (chrome) locally. Run `npm install` to download the correct Chromium revision (901912).",
  "attempt": 3,
  "maxRetries": 3
}

[2025-08-21T16:53:50.223Z] [pdf-error-handler] PDF generation attempt 1/3 failed
{
  "component": "browser-launch",
  "error": "Could not find expected browser (chrome) locally. Run `npm install` to download the correct Chromium revision (901912).",
  "attempt": 1,
  "maxRetries": 3
}

[2025-08-21T16:53:51.100Z] [pdf-error-handler] PDF generation attempt 2/3 failed
{
  "component": "browser-launch",
  "error": "Could not find expected browser (chrome) locally. Run `npm install` to download the correct Chromium revision (901912).",
  "attempt": 2,
  "maxRetries": 3
}

[2025-08-21T16:53:52.883Z] [pdf-error-handler] PDF generation attempt 3/3 failed
{
  "component": "browser-launch",
  "error": "Could not find expected browser (chrome) locally. Run `npm install` to download the correct Chromium revision (901912).",
  "attempt": 3,
  "maxRetries": 3
}

[2025-08-21T16:53:57.041Z] [pdf-error-handler] PDF generation attempt 1/3 failed
{
  "component": "browser-launch",
  "error": "Could not find expected browser (chrome) locally. Run `npm install` to download the correct Chromium revision (901912).",
  "attempt": 1,
  "maxRetries": 3
}

[2025-08-21T16:53:58.180Z] [pdf-error-handler] PDF generation attempt 2/3 failed
{
  "component": "browser-launch",
  "error": "Could not find expected browser (chrome) locally. Run `npm install` to download the correct Chromium revision (901912).",
  "attempt": 2,
  "maxRetries": 3
}

[2025-08-21T16:54:00.131Z] [pdf-error-handler] PDF generation attempt 3/3 failed
{
  "component": "browser-launch",
  "error": "Could not find expected browser (chrome) locally. Run `npm install` to download the correct Chromium revision (901912).",
  "attempt": 3,
  "maxRetries": 3
}

[2025-08-21T16:54:02.015Z] [pdf-error-handler] PDF generation attempt 1/3 failed
{
  "component": "browser-launch",
  "error": "Could not find expected browser (chrome) locally. Run `npm install` to download the correct Chromium revision (901912).",
  "attempt": 1,
  "maxRetries": 3
}

[2025-08-21T16:54:02.780Z] [pdf-error-handler] PDF generation attempt 2/3 failed
{
  "component": "browser-launch",
  "error": "Could not find expected browser (chrome) locally. Run `npm install` to download the correct Chromium revision (901912).",
  "attempt": 2,
  "maxRetries": 3
}

[2025-08-21T16:54:04.796Z] [pdf-error-handler] PDF generation attempt 3/3 failed
{
  "component": "browser-launch",
  "error": "Could not find expected browser (chrome) locally. Run `npm install` to download the correct Chromium revision (901912).",
  "attempt": 3,
  "maxRetries": 3
}

[2025-08-21T16:54:06.012Z] [pdf-error-handler] PDF generation attempt 1/3 failed
{
  "component": "browser-launch",
  "error": "Could not find expected browser (chrome) locally. Run `npm install` to download the correct Chromium revision (901912).",
  "attempt": 1,
  "maxRetries": 3
}

[2025-08-21T16:54:06.928Z] [pdf-error-handler] PDF generation attempt 2/3 failed
{
  "component": "browser-launch",
  "error": "Could not find expected browser (chrome) locally. Run `npm install` to download the correct Chromium revision (901912).",
  "attempt": 2,
  "maxRetries": 3
}

[2025-08-21T16:54:08.927Z] [pdf-error-handler] PDF generation attempt 3/3 failed
{
  "component": "browser-launch",
  "error": "Could not find expected browser (chrome) locally. Run `npm install` to download the correct Chromium revision (901912).",
  "attempt": 3,
  "maxRetries": 3
}

[2025-08-21T16:54:11.146Z] [pdf-error-handler] PDF generation attempt 1/3 failed
{
  "component": "browser-launch",
  "error": "Could not find expected browser (chrome) locally. Run `npm install` to download the correct Chromium revision (901912).",
  "attempt": 1,
  "maxRetries": 3
}

[2025-08-21T16:54:12.309Z] [pdf-error-handler] PDF generation attempt 2/3 failed
{
  "component": "browser-launch",
  "error": "Could not find expected browser (chrome) locally. Run `npm install` to download the correct Chromium revision (901912).",
  "attempt": 2,
  "maxRetries": 3
}

[2025-08-21T16:54:13.982Z] [pdf-error-handler] PDF generation attempt 3/3 failed
{
  "component": "browser-launch",
  "error": "Could not find expected browser (chrome) locally. Run `npm install` to download the correct Chromium revision (901912).",
  "attempt": 3,
  "maxRetries": 3
}

[2025-08-21T16:54:18.217Z] [pdf-error-handler] PDF generation attempt 1/3 failed
{
  "component": "browser-launch",
  "error": "Could not find expected browser (chrome) locally. Run `npm install` to download the correct Chromium revision (901912).",
  "attempt": 1,
  "maxRetries": 3
}

[2025-08-21T16:54:19.223Z] [pdf-error-handler] PDF generation attempt 2/3 failed
{
  "component": "browser-launch",
  "error": "Could not find expected browser (chrome) locally. Run `npm install` to download the correct Chromium revision (901912).",
  "attempt": 2,
  "maxRetries": 3
}

[2025-08-21T16:54:21.057Z] [pdf-error-handler] PDF generation attempt 3/3 failed
{
  "component": "browser-launch",
  "error": "Could not find expected browser (chrome) locally. Run `npm install` to download the correct Chromium revision (901912).",
  "attempt": 3,
  "maxRetries": 3
}

[2025-08-21T16:54:22.461Z] [pdf-error-handler] PDF generation attempt 1/3 failed
{
  "component": "browser-launch",
  "error": "Could not find expected browser (chrome) locally. Run `npm install` to download the correct Chromium revision (901912).",
  "attempt": 1,
  "maxRetries": 3
}

[2025-08-21T16:54:23.238Z] [pdf-error-handler] PDF generation attempt 2/3 failed
{
  "component": "browser-launch",
  "error": "Could not find expected browser (chrome) locally. Run `npm install` to download the correct Chromium revision (901912).",
  "attempt": 2,
  "maxRetries": 3
}

[2025-08-21T16:54:25.455Z] [pdf-error-handler] PDF generation attempt 3/3 failed
{
  "component": "browser-launch",
  "error": "Could not find expected browser (chrome) locally. Run `npm install` to download the correct Chromium revision (901912).",
  "attempt": 3,
  "maxRetries": 3
}

[2025-08-21T16:54:26.626Z] [pdf-error-handler] PDF generation attempt 1/3 failed
{
  "component": "browser-launch",
  "error": "Could not find expected browser (chrome) locally. Run `npm install` to download the correct Chromium revision (901912).",
  "attempt": 1,
  "maxRetries": 3
}

[2025-08-21T16:54:27.487Z] [pdf-error-handler] PDF generation attempt 2/3 failed
{
  "component": "browser-launch",
  "error": "Could not find expected browser (chrome) locally. Run `npm install` to download the correct Chromium revision (901912).",
  "attempt": 2,
  "maxRetries": 3
}

[2025-08-21T16:54:29.303Z] [pdf-error-handler] PDF generation attempt 3/3 failed
{
  "component": "browser-launch",
  "error": "Could not find expected browser (chrome) locally. Run `npm install` to download the correct Chromium revision (901912).",
  "attempt": 3,
  "maxRetries": 3
}

[2025-08-21T16:54:31.695Z] [pdf-error-handler] PDF generation attempt 1/3 failed
{
  "component": "browser-launch",
  "error": "Could not find expected browser (chrome) locally. Run `npm install` to download the correct Chromium revision (901912).",
  "attempt": 1,
  "maxRetries": 3
}

[2025-08-21T16:54:32.535Z] [pdf-error-handler] PDF generation attempt 2/3 failed
{
  "component": "browser-launch",
  "error": "Could not find expected browser (chrome) locally. Run `npm install` to download the correct Chromium revision (901912).",
  "attempt": 2,
  "maxRetries": 3
}

[2025-08-21T16:54:34.368Z] [pdf-error-handler] PDF generation attempt 3/3 failed
{
  "component": "browser-launch",
  "error": "Could not find expected browser (chrome) locally. Run `npm install` to download the correct Chromium revision (901912).",
  "attempt": 3,
  "maxRetries": 3
}

[2025-08-21T16:54:38.550Z] [pdf-error-handler] PDF generation attempt 1/3 failed
{
  "component": "browser-launch",
  "error": "Could not find expected browser (chrome) locally. Run `npm install` to download the correct Chromium revision (901912).",
  "attempt": 1,
  "maxRetries": 3
}

[2025-08-21T16:54:39.417Z] [pdf-error-handler] PDF generation attempt 2/3 failed
{
  "component": "browser-launch",
  "error": "Could not find expected browser (chrome) locally. Run `npm install` to download the correct Chromium revision (901912).",
  "attempt": 2,
  "maxRetries": 3
}

[2025-08-21T16:54:41.682Z] [pdf-error-handler] PDF generation attempt 3/3 failed
{
  "component": "browser-launch",
  "error": "Could not find expected browser (chrome) locally. Run `npm install` to download the correct Chromium revision (901912).",
  "attempt": 3,
  "maxRetries": 3
}

